Arguments: 
  /usr/local/bin/node /opt/yarn-v1.22.0/bin/yarn.js install

PATH: 
  /usr/local/sbin:/usr/local/bin:/usr/sbin:/usr/bin:/sbin:/bin

Yarn version: 
  1.22.0

Node version: 
  12.16.1

Platform: 
  linux x64

Trace: 
  Error: https://registry.yarnpkg.com/@ant-design/icons/-/icons-4.2.2.tgz: ESOCKETTIMEDOUT
      at ClientRequest.<anonymous> (/opt/yarn-v1.22.0/lib/cli.js:141354:19)
      at Object.onceWrapper (events.js:417:28)
      at ClientRequest.emit (events.js:311:20)
      at TLSSocket.emitRequestTimeout (_http_client.js:714:9)
      at Object.onceWrapper (events.js:417:28)
      at TLSSocket.emit (events.js:311:20)
      at TLSSocket.Socket._onTimeout (net.js:478:8)
      at listOnTimeout (internal/timers.js:549:17)
      at processTimers (internal/timers.js:492:7)

npm manifest: 
  {
    "name": "web-personal-client",
    "version": "0.1.0",
    "private": true,
    "dependencies": {
      "@testing-library/jest-dom": "^4.2.4",
      "@testing-library/react": "^9.3.2",
      "@testing-library/user-event": "^7.1.2",
      "antd": "^4.6.4",
      "devextreme": "20.1-stable",
      "devextreme-react": "20.1-stable",
      "jspdf": "^2.1.0",
      "jspdf-autotable": "^3.5.9",
      "jwt-decode": "^2.2.0",
      "node-sass": "^4.14.1",
      "pify": "^5.0.0",
      "react": "^16.13.0",
      "react-dom": "^16.13.0",
      "react-dropzone": "^11.0.1",
      "react-router": "^5.1.2",
      "react-router-dom": "^5.1.2",
      "react-scripts": "3.4.0"
    },
    "scripts": {
      "dev": "react-scripts start",
      "build": "react-scripts build",
      "test": "react-scripts test",
      "eject": "react-scripts eject"
    },
    "eslintConfig": {
      "extends": "react-app"
    },
    "browserslist": {
      "production": [
        ">0.2%",
        "not dead",
        "not op_mini all"
      ],
      "development": [
        "last 1 chrome version",
        "last 1 firefox version",
        "last 1 safari version"
      ]
    },
    "devDependencies": {
      "devextreme-themebuilder": "20.1-stable"
    }
  }

yarn manifest: 
  No manifest

Lockfile: 
  No lockfile
